<?xml version="1.0" encoding="utf-8"?><testsuites name="pytest tests"><testsuite name="pytest" errors="0" failures="0" skipped="0" tests="17" time="3.871" timestamp="2026-07-16T19:36:23.784262+00:00" hostname="agent-env-5d276e59-b56f-4467-8ca1-ac0c20927b9c"><testcase classname="tests.backend_test.TestAuth" name="test_login_success_sets_cookie_and_token" time="0.474" /><testcase classname="tests.backend_test.TestPackages" name="test_list_packages_returns_8" time="0.468" /><testcase classname="tests.backend_test.TestPackages" name="test_list_featured_packages" time="0.049" /><testcase classname="tests.backend_test.TestAuth" name="test_login_wrong_password" time="0.279" /><testcase classname="tests.backend_test.TestPackages" name="test_get_package_by_id" time="0.283" /><testcase classname="tests.backend_test.TestAuth" name="test_me_without_auth_401" time="0.145" /><testcase classname="tests.backend_test.TestPackages" name="test_get_package_invalid_id_404" time="0.047" /><testcase classname="tests.backend_test.TestAdminPackages" name="test_create_without_auth_401" time="0.049" /><testcase classname="tests.backend_test.TestAuth" name="test_me_with_bearer" time="0.533" /><testcase classname="tests.backend_test.TestAdminPackages" name="test_create_package" time="0.777" /><testcase classname="tests.backend_test.TestAuth" name="test_logout_clears_cookie" time="0.062" /><testcase classname="tests.backend_test.TestAdminBookings" name="test_bookings_no_auth_401" time="0.126" /><testcase classname="tests.backend_test.TestAdminBookings" name="test_bookings_authed" time="0.055" /><testcase classname="tests.backend_test.TestBookings" name="test_create_booking" time="1.013" /><testcase classname="tests.backend_test.TestAdminPackages" name="test_update_package" time="1.388" /><testcase classname="tests.backend_test.TestBookings" name="test_booking_invalid_email_422" time="0.057" /><testcase classname="tests.backend_test.TestAdminPackages" name="test_delete_package" time="0.235" /></testsuite></testsuites>