<?xml version="1.0" encoding="utf-8"?><testsuites name="pytest tests"><testsuite name="pytest" errors="0" failures="0" skipped="0" tests="27" time="11.377" timestamp="2026-07-16T20:01:43.803132+00:00" hostname="agent-env-5d276e59-b56f-4467-8ca1-ac0c20927b9c"><testcase classname="tests.backend_test.TestAdminBookings" name="test_list_no_auth_401" time="0.147" /><testcase classname="tests.backend_test.TestPackages" name="test_list_packages_returns_8" time="0.190" /><testcase classname="tests.backend_test.TestPackages" name="test_list_featured_packages" time="0.307" /><testcase classname="tests.backend_test.TestAdminBookings" name="test_list_authed" time="0.468" /><testcase classname="tests.backend_test.TestPackages" name="test_get_package_by_id" time="0.248" /><testcase classname="tests.backend_test.TestAdminBookings" name="test_filter_by_status" time="0.065" /><testcase classname="tests.backend_test.TestAdminBookings" name="test_filter_by_q_search" time="2.898" /><testcase classname="tests.backend_test.TestPackages" name="test_get_package_invalid_id_404" time="0.110" /><testcase classname="tests.backend_test.TestAuth" name="test_login_success_sets_cookie_and_token" time="0.352" /><testcase classname="tests.backend_test.TestAuth" name="test_login_wrong_password" time="0.359" /><testcase classname="tests.backend_test.TestAuth" name="test_me_without_auth_401" time="0.136" /><testcase classname="tests.backend_test.TestAuth" name="test_me_with_bearer" time="0.476" /><testcase classname="tests.backend_test.TestBookingsFlow" name="test_create_booking_returns_reference" time="3.673" /><testcase classname="tests.backend_test.TestAdminBookings" name="test_filter_by_date_range" time="0.056" /><testcase classname="tests.backend_test.TestAdminBookings" name="test_stats" time="0.088" /><testcase classname="tests.backend_test.TestAdminBookings" name="test_export_csv_no_auth_401" time="0.133" /><testcase classname="tests.backend_test.TestAdminBookings" name="test_export_csv" time="0.067" /><testcase classname="tests.backend_test.TestAdminBookings" name="test_patch_status_valid" time="1.901" /><testcase classname="tests.backend_test.TestAdminBookings" name="test_patch_status_invalid_422" time="3.511" /><testcase classname="tests.backend_test.TestBookingsFlow" name="test_second_booking_is_sequential" time="2.731" /><testcase classname="tests.backend_test.TestBookingsFlow" name="test_booking_invalid_email_422" time="0.156" /><testcase classname="tests.backend_test.TestBookingsFlow" name="test_email_flags_present" time="2.058" /><testcase classname="tests.backend_test.TestAdminBookings" name="test_patch_status_not_found_404" time="0.067" /><testcase classname="tests.backend_test.TestAdminPackages" name="test_create_without_auth_401" time="0.115" /><testcase classname="tests.backend_test.TestAdminPackages" name="test_create_package" time="0.058" /><testcase classname="tests.backend_test.TestAdminPackages" name="test_delete_package" time="0.228" /><testcase classname="tests.backend_test.TestPhoneNumber" name="test_customer_email_contains_new_phone" time="0.001" /></testsuite></testsuites>